d:\projects\нир\workspace\unr\debug\unr_v0.bsc
d:\projects\нир\workspace\unr\unr_v0\debug\vc120.pdb
d:\projects\нир\workspace\unr\unr_v0\debug\vc120.idb
d:\projects\нир\workspace\unr\unr_v0\debug\unr_v0.sbr
d:\projects\нир\workspace\unr\unr_v0\debug\headerparser.sbr
d:\projects\нир\workspace\unr\unr_v0\debug\logger.sbr
d:\projects\нир\workspace\unr\unr_v0\debug\crc32_calculate.sbr
d:\projects\нир\workspace\unr\unr_v0\debug\crc32_calculate.obj
d:\projects\нир\workspace\unr\unr_v0\debug\logger.obj
d:\projects\нир\workspace\unr\unr_v0\debug\headerparser.obj
d:\projects\нир\workspace\unr\unr_v0\debug\unr_v0.obj
d:\projects\нир\workspace\unr\unr_v0\debug\getopt.sbr
d:\projects\нир\workspace\unr\unr_v0\debug\getopt.obj
d:\projects\нир\workspace\unr\unr_v0\debug\sha1_calculate.sbr
d:\projects\нир\workspace\unr\unr_v0\debug\sha1_calculate.obj
d:\projects\нир\workspace\unr\unr_v0\debug\crc32b_calculate.sbr
d:\projects\нир\workspace\unr\unr_v0\debug\crc32b_calculate.obj
d:\projects\нир\workspace\unr\unr_v0\debug\crc32calculator.sbr
d:\projects\нир\workspace\unr\unr_v0\debug\crc32calculator.obj
d:\projects\нир\workspace\unr\unr_v0\debug\crc32_calculator.sbr
d:\projects\нир\workspace\unr\unr_v0\debug\crc32_calculator.obj
d:\projects\нир\workspace\unr\debug\unr_v0.ilk
d:\projects\нир\workspace\unr\debug\unr_v0.exe
d:\projects\нир\workspace\unr\debug\unr_v0.pdb
d:\projects\нир\workspace\unr\unr_v0\debug\unr_v0.tlog\bscmake.command.1.tlog
d:\projects\нир\workspace\unr\unr_v0\debug\unr_v0.tlog\bscmake.read.1.tlog
d:\projects\нир\workspace\unr\unr_v0\debug\unr_v0.tlog\bscmake.write.1.tlog
d:\projects\нир\workspace\unr\unr_v0\debug\unr_v0.tlog\cl.command.1.tlog
d:\projects\нир\workspace\unr\unr_v0\debug\unr_v0.tlog\cl.read.1.tlog
d:\projects\нир\workspace\unr\unr_v0\debug\unr_v0.tlog\cl.write.1.tlog
d:\projects\нир\workspace\unr\unr_v0\debug\unr_v0.tlog\link.command.1.tlog
d:\projects\нир\workspace\unr\unr_v0\debug\unr_v0.tlog\link.read.1.tlog
d:\projects\нир\workspace\unr\unr_v0\debug\unr_v0.tlog\link.write.1.tlog
